2025-03-03 19:22:11,802 - __main__ - INFO - Starting download pipeline...
2025-03-03 19:22:11,802 - __main__ - INFO - Saved metadata to ../../data/metadata.json
2025-03-03 19:22:11,802 - __main__ - INFO - Download pipeline completed successfully
2025-03-03 19:22:11,802 - __main__ - INFO - Pipeline execution completed
2025-03-03 19:32:23,906 - __main__ - INFO - Starting download pipeline...
2025-03-03 19:32:23,906 - __main__ - INFO - Collecting papers from arXiv with query: Large Language Models
2025-03-03 19:32:23,911 - arxiv - INFO - Requesting page (first: True, try: 0): https://export.arxiv.org/api/query?search_query=Large+Language+Models&id_list=&sortBy=submittedDate&sortOrder=descending&start=0&max_results=100
2025-03-03 19:32:25,250 - arxiv - INFO - Got first page: 10 of 1230433 total results
2025-03-03 19:32:25,910 - __main__ - INFO - Downloaded: ../../data/pdfs/arxiv_2502.21321v1.pdf
2025-03-03 19:32:28,454 - __main__ - INFO - Downloaded: ../../data/pdfs/arxiv_2502.21319v1.pdf
2025-03-03 19:32:32,093 - __main__ - INFO - Downloaded: ../../data/pdfs/arxiv_2502.21318v1.pdf
2025-03-03 19:32:34,980 - __main__ - INFO - Downloaded: ../../data/pdfs/arxiv_2502.21317v1.pdf
2025-03-03 19:32:38,009 - __main__ - INFO - Downloaded: ../../data/pdfs/arxiv_2502.21316v1.pdf
2025-03-03 19:32:39,650 - __main__ - INFO - Downloaded: ../../data/pdfs/arxiv_2502.21315v1.pdf
2025-03-03 19:32:43,257 - __main__ - INFO - Downloaded: ../../data/pdfs/arxiv_2502.21314v1.pdf
2025-03-03 19:32:46,002 - __main__ - INFO - Downloaded: ../../data/pdfs/arxiv_2502.21313v1.pdf
2025-03-03 19:32:48,709 - __main__ - INFO - Downloaded: ../../data/pdfs/arxiv_2502.21311v1.pdf
2025-03-03 19:32:52,086 - __main__ - INFO - Downloaded: ../../data/pdfs/arxiv_2502.21309v1.pdf
2025-03-03 19:32:54,951 - arxiv - INFO - Requesting page (first: False, try: 0): https://export.arxiv.org/api/query?search_query=Large+Language+Models&id_list=&sortBy=submittedDate&sortOrder=descending&start=10&max_results=100
2025-03-03 19:32:58,041 - __main__ - INFO - Downloaded: ../../data/pdfs/arxiv_2502.21306v1.pdf
2025-03-03 19:33:00,067 - __main__ - INFO - Downloaded: ../../data/pdfs/arxiv_2502.21303v1.pdf
2025-03-03 19:33:03,172 - __main__ - INFO - Downloaded: ../../data/pdfs/arxiv_2502.21300v1.pdf
2025-03-03 19:33:06,196 - __main__ - INFO - Downloaded: ../../data/pdfs/arxiv_2502.21297v1.pdf
2025-03-03 19:33:07,801 - __main__ - INFO - Downloaded: ../../data/pdfs/arxiv_2502.21296v1.pdf
2025-03-03 19:33:10,870 - __main__ - INFO - Downloaded: ../../data/pdfs/arxiv_2502.21293v1.pdf
2025-03-03 19:33:15,364 - __main__ - INFO - Downloaded: ../../data/pdfs/arxiv_2502.21292v1.pdf
2025-03-03 19:33:19,748 - __main__ - INFO - Downloaded: ../../data/pdfs/arxiv_2502.21291v1.pdf
2025-03-03 19:33:21,767 - __main__ - INFO - Downloaded: ../../data/pdfs/arxiv_2502.21290v1.pdf
2025-03-03 19:33:25,430 - __main__ - INFO - Downloaded: ../../data/pdfs/arxiv_2502.21289v1.pdf
2025-03-03 19:33:29,072 - __main__ - INFO - Downloaded: ../../data/pdfs/arxiv_2502.21286v1.pdf
2025-03-03 19:33:32,011 - __main__ - INFO - Downloaded: ../../data/pdfs/arxiv_2502.21284v1.pdf
2025-03-03 19:33:34,519 - __main__ - INFO - Downloaded: ../../data/pdfs/arxiv_2502.21283v1.pdf
2025-03-03 19:33:36,560 - __main__ - INFO - Downloaded: ../../data/pdfs/arxiv_2502.21282v1.pdf
2025-03-03 19:33:40,546 - __main__ - INFO - Downloaded: ../../data/pdfs/arxiv_2502.21280v1.pdf
2025-03-03 19:33:42,499 - __main__ - INFO - Downloaded: ../../data/pdfs/arxiv_2502.21278v1.pdf
2025-03-03 19:33:45,295 - __main__ - INFO - Downloaded: ../../data/pdfs/arxiv_2502.21277v1.pdf
2025-03-03 19:33:48,357 - __main__ - INFO - Downloaded: ../../data/pdfs/arxiv_2502.21275v1.pdf
2025-03-03 19:33:50,714 - __main__ - INFO - Downloaded: ../../data/pdfs/arxiv_2502.21274v1.pdf
2025-03-03 19:33:52,839 - __main__ - INFO - Downloaded: ../../data/pdfs/arxiv_2502.21271v1.pdf
2025-03-03 19:33:55,825 - __main__ - INFO - Downloaded: ../../data/pdfs/arxiv_2502.21269v1.pdf
2025-03-03 19:33:59,484 - __main__ - INFO - Downloaded: ../../data/pdfs/arxiv_2502.21268v1.pdf
2025-03-03 19:34:01,661 - __main__ - INFO - Downloaded: ../../data/pdfs/arxiv_2502.21267v1.pdf
2025-03-03 19:34:03,684 - __main__ - INFO - Collected 33 papers from arXiv query: Large Language Models
2025-03-03 19:34:03,684 - __main__ - INFO - Collecting papers from OpenReview with venue: ICLR 2023
2025-03-03 19:34:05,100 - __main__ - INFO - Downloaded: ../../data/pdfs/openreview_4ZjBAlcuBO.pdf
2025-03-03 19:34:08,210 - __main__ - INFO - Downloaded: ../../data/pdfs/openreview_S7jP4F54hEi.pdf
2025-03-03 19:34:10,999 - __main__ - INFO - Downloaded: ../../data/pdfs/openreview_A19iY4k5mY.pdf
2025-03-03 19:34:13,586 - __main__ - INFO - Downloaded: ../../data/pdfs/openreview_RiEnmzmK9_g.pdf
2025-03-03 19:34:16,278 - __main__ - INFO - Downloaded: ../../data/pdfs/openreview_muaSfzX9odO.pdf
2025-03-03 19:34:19,292 - __main__ - INFO - Downloaded: ../../data/pdfs/openreview_j4ViefKpyA.pdf
2025-03-03 19:34:21,678 - __main__ - INFO - Downloaded: ../../data/pdfs/openreview_5libS0tuRA.pdf
2025-03-03 19:34:24,841 - __main__ - INFO - Downloaded: ../../data/pdfs/openreview_uECAYvIQOh.pdf
2025-03-03 19:34:26,668 - __main__ - INFO - Downloaded: ../../data/pdfs/openreview_xLK_-SLxMgw.pdf
2025-03-03 19:34:30,232 - __main__ - INFO - Downloaded: ../../data/pdfs/openreview_8VC_NHYzuM.pdf
2025-03-03 19:34:32,874 - __main__ - INFO - Downloaded: ../../data/pdfs/openreview_pFCumdWKhZI.pdf
2025-03-03 19:34:35,499 - __main__ - INFO - Downloaded: ../../data/pdfs/openreview_KKTUgEVRTvU.pdf
2025-03-03 19:34:38,021 - __main__ - INFO - Downloaded: ../../data/pdfs/openreview_-FoOEXAUHD.pdf
2025-03-03 19:34:40,286 - __main__ - INFO - Downloaded: ../../data/pdfs/openreview_7MZVpPRAbh.pdf
2025-03-03 19:34:43,181 - __main__ - INFO - Downloaded: ../../data/pdfs/openreview__eq5KuLCyt.pdf
2025-03-03 19:34:45,816 - __main__ - INFO - Downloaded: ../../data/pdfs/openreview_IPTvF82IUSd.pdf
2025-03-03 19:34:48,538 - __main__ - INFO - Downloaded: ../../data/pdfs/openreview_22KRCpsub7D.pdf
2025-03-03 19:34:51,824 - __main__ - INFO - Downloaded: ../../data/pdfs/openreview_sHN9cYMR3kp.pdf
2025-03-03 19:34:54,474 - __main__ - INFO - Downloaded: ../../data/pdfs/openreview_JVZiQVfejo.pdf
2025-03-03 19:34:56,645 - __main__ - INFO - Downloaded: ../../data/pdfs/openreview_zwd0ompoeRo.pdf
2025-03-03 19:34:59,064 - __main__ - INFO - Downloaded: ../../data/pdfs/openreview_qjOCAGVBSs.pdf
2025-03-03 19:35:01,692 - __main__ - INFO - Downloaded: ../../data/pdfs/openreview_gC6RE4Lgv0.pdf
2025-03-03 19:35:04,796 - __main__ - INFO - Downloaded: ../../data/pdfs/openreview_q_lYGahGQ6W.pdf
2025-03-03 19:35:07,556 - __main__ - INFO - Downloaded: ../../data/pdfs/openreview_BTIe7NBOku.pdf
2025-03-03 19:35:11,171 - __main__ - INFO - Downloaded: ../../data/pdfs/openreview_rjK2p2DAMy.pdf
2025-03-03 19:35:13,361 - __main__ - INFO - Downloaded: ../../data/pdfs/openreview_33R9Da7B9k.pdf
2025-03-03 19:35:15,298 - __main__ - INFO - Downloaded: ../../data/pdfs/openreview_0lAzNK-7Eeo.pdf
2025-03-03 19:35:17,082 - __main__ - INFO - Downloaded: ../../data/pdfs/openreview_RTUgpjALw8F.pdf
2025-03-03 19:35:19,153 - __main__ - INFO - Downloaded: ../../data/pdfs/openreview_6TIhIWb6j8.pdf
2025-03-03 19:35:22,409 - __main__ - INFO - Downloaded: ../../data/pdfs/openreview_C2MBMaaNWQ.pdf
2025-03-03 19:35:25,322 - __main__ - INFO - Downloaded: ../../data/pdfs/openreview_UKVT8y88g3r.pdf
2025-03-03 19:35:28,555 - __main__ - INFO - Downloaded: ../../data/pdfs/openreview_Rhs560dA1R0.pdf
2025-03-03 19:35:32,163 - __main__ - INFO - Downloaded: ../../data/pdfs/openreview_TcOCW5yCVR.pdf
2025-03-03 19:35:33,417 - __main__ - INFO - Collected 33 papers from OpenReview venue: ICLR 2023
2025-03-03 19:35:33,417 - __main__ - INFO - Collecting papers from PapersWithCode with topic: Language Modeling
2025-03-03 19:35:35,622 - __main__ - ERROR - Failed to collect from PapersWithCode: 'str' object has no attribute 'get'
2025-03-03 19:35:35,623 - __main__ - INFO - Collected 0 papers from PapersWithCode topic: Language Modeling
2025-03-03 19:35:35,623 - __main__ - INFO - Collecting papers from PapersWithCode with topic: Transformers
2025-03-03 19:35:37,801 - __main__ - ERROR - Failed to collect from PapersWithCode: 'str' object has no attribute 'get'
2025-03-03 19:35:37,801 - __main__ - INFO - Collected 0 papers from PapersWithCode topic: Transformers
2025-03-03 19:35:37,802 - __main__ - INFO - Collecting papers from PapersWithCode with topic: Fine-tuning
2025-03-03 19:35:39,947 - __main__ - ERROR - Failed to collect from PapersWithCode: 'str' object has no attribute 'get'
2025-03-03 19:35:39,947 - __main__ - INFO - Collected 0 papers from PapersWithCode topic: Fine-tuning
2025-03-03 19:35:39,949 - __main__ - INFO - Saved metadata to ../../data/metadata.json
2025-03-03 19:35:39,949 - __main__ - INFO - Download pipeline completed successfully
2025-03-03 19:35:39,949 - __main__ - INFO - Pipeline execution completed
2025-03-03 21:35:02,683 - __main__ - INFO - Starting download pipeline...
2025-03-03 21:35:02,684 - __main__ - INFO - Collecting papers from arXiv with query: Large Language Models
2025-03-03 21:35:02,689 - arxiv - INFO - Requesting page (first: True, try: 0): https://export.arxiv.org/api/query?search_query=Large+Language+Models&id_list=&sortBy=submittedDate&sortOrder=descending&start=0&max_results=100
2025-03-03 21:35:04,183 - arxiv - INFO - Got first page: 1 of 1230433 total results
2025-03-03 21:35:04,840 - __main__ - INFO - Downloaded: ml_papers/pdfs/arxiv_2502.21321v1.pdf
2025-03-03 21:35:06,373 - arxiv - INFO - Sleeping: 0.801097 seconds
2025-03-03 21:35:07,175 - arxiv - INFO - Requesting page (first: False, try: 0): https://export.arxiv.org/api/query?search_query=Large+Language+Models&id_list=&sortBy=submittedDate&sortOrder=descending&start=1&max_results=100
2025-03-03 21:35:09,476 - __main__ - INFO - Downloaded: ml_papers/pdfs/arxiv_2502.21319v1.pdf
2025-03-03 21:35:11,243 - __main__ - INFO - Pipeline execution completed
2025-03-04 13:03:53,388 - __main__ - INFO - Starting download pipeline...
2025-03-04 13:03:53,388 - __main__ - INFO - Collecting papers from arXiv with query: Large Language Models
2025-03-04 13:03:53,393 - arxiv - INFO - Requesting page (first: True, try: 0): https://export.arxiv.org/api/query?search_query=Large+Language+Models&id_list=&sortBy=submittedDate&sortOrder=descending&start=0&max_results=100
2025-03-04 13:03:56,510 - arxiv - INFO - Got first page: 100 of 1230437 total results
2025-03-04 13:03:57,177 - __main__ - INFO - Downloaded: dataset/pdfs/pdfs/arxiv_2502.21321v1.pdf
2025-03-04 13:04:00,314 - __main__ - INFO - Downloaded: dataset/pdfs/pdfs/arxiv_2502.21319v1.pdf
2025-03-04 13:04:10,667 - __main__ - INFO - Downloaded: dataset/pdfs/pdfs/arxiv_2502.21318v1.pdf
2025-03-04 13:04:12,708 - __main__ - INFO - Downloaded: dataset/pdfs/pdfs/arxiv_2502.21317v1.pdf
2025-03-04 13:04:14,883 - __main__ - INFO - Downloaded: dataset/pdfs/pdfs/arxiv_2502.21316v1.pdf
2025-03-04 13:04:18,233 - __main__ - INFO - Downloaded: dataset/pdfs/pdfs/arxiv_2502.21315v1.pdf
2025-03-04 13:04:21,715 - __main__ - INFO - Downloaded: dataset/pdfs/pdfs/arxiv_2502.21314v1.pdf
2025-03-04 13:04:24,397 - __main__ - INFO - Downloaded: dataset/pdfs/pdfs/arxiv_2502.21313v1.pdf
2025-03-04 13:04:26,426 - __main__ - INFO - Downloaded: dataset/pdfs/pdfs/arxiv_2502.21311v1.pdf
2025-03-04 13:04:29,088 - __main__ - INFO - Downloaded: dataset/pdfs/pdfs/arxiv_2502.21309v1.pdf
2025-03-04 13:04:32,415 - __main__ - INFO - Downloaded: dataset/pdfs/pdfs/arxiv_2502.21306v1.pdf
2025-03-04 13:04:35,316 - __main__ - INFO - Downloaded: dataset/pdfs/pdfs/arxiv_2502.21303v1.pdf
2025-03-04 13:04:37,144 - __main__ - INFO - Downloaded: dataset/pdfs/pdfs/arxiv_2502.21300v1.pdf
2025-03-04 13:04:41,508 - __main__ - INFO - Downloaded: dataset/pdfs/pdfs/arxiv_2502.21297v1.pdf
2025-03-04 13:04:43,708 - __main__ - INFO - Downloaded: dataset/pdfs/pdfs/arxiv_2502.21296v1.pdf
2025-03-04 13:04:46,749 - __main__ - INFO - Downloaded: dataset/pdfs/pdfs/arxiv_2502.21293v1.pdf
2025-03-04 13:04:50,234 - __main__ - INFO - Downloaded: dataset/pdfs/pdfs/arxiv_2502.21292v1.pdf
2025-03-04 13:04:58,638 - __main__ - INFO - Downloaded: dataset/pdfs/pdfs/arxiv_2502.21291v2.pdf
2025-03-04 13:05:01,848 - __main__ - INFO - Downloaded: dataset/pdfs/pdfs/arxiv_2502.21290v1.pdf
2025-03-04 13:05:05,162 - __main__ - INFO - Downloaded: dataset/pdfs/pdfs/arxiv_2502.21289v1.pdf
2025-03-04 13:05:09,544 - __main__ - INFO - Downloaded: dataset/pdfs/pdfs/arxiv_2502.21286v1.pdf
2025-03-04 13:05:11,204 - __main__ - INFO - Downloaded: dataset/pdfs/pdfs/arxiv_2502.21284v1.pdf
2025-03-04 13:05:14,021 - __main__ - INFO - Downloaded: dataset/pdfs/pdfs/arxiv_2502.21283v1.pdf
2025-03-04 13:05:17,425 - __main__ - INFO - Downloaded: dataset/pdfs/pdfs/arxiv_2502.21282v1.pdf
2025-03-04 13:05:22,814 - __main__ - INFO - Downloaded: dataset/pdfs/pdfs/arxiv_2502.21280v1.pdf
2025-03-04 13:05:26,830 - __main__ - INFO - Downloaded: dataset/pdfs/pdfs/arxiv_2502.21278v1.pdf
2025-03-04 13:05:28,876 - __main__ - INFO - Downloaded: dataset/pdfs/pdfs/arxiv_2502.21277v1.pdf
2025-03-04 13:05:32,656 - __main__ - INFO - Downloaded: dataset/pdfs/pdfs/arxiv_2502.21275v1.pdf
2025-03-04 13:05:35,427 - __main__ - INFO - Downloaded: dataset/pdfs/pdfs/arxiv_2502.21274v1.pdf
2025-03-04 13:05:37,786 - __main__ - INFO - Downloaded: dataset/pdfs/pdfs/arxiv_2502.21271v1.pdf
2025-03-04 13:05:41,489 - __main__ - INFO - Downloaded: dataset/pdfs/pdfs/arxiv_2502.21269v1.pdf
2025-03-04 13:05:45,118 - __main__ - INFO - Downloaded: dataset/pdfs/pdfs/arxiv_2502.21268v1.pdf
2025-03-04 13:05:48,640 - __main__ - INFO - Downloaded: dataset/pdfs/pdfs/arxiv_2502.21267v1.pdf
2025-03-04 13:05:50,026 - __main__ - INFO - Collected 33 papers from arXiv query: Large Language Models
2025-03-04 13:05:50,026 - __main__ - INFO - Collecting papers from OpenReview with venue: ICLR 2023
2025-03-04 13:05:51,460 - __main__ - INFO - Downloaded: dataset/pdfs/pdfs/openreview_4ZjBAlcuBO.pdf
2025-03-04 13:05:54,250 - __main__ - INFO - Downloaded: dataset/pdfs/pdfs/openreview_S7jP4F54hEi.pdf
2025-03-04 13:05:56,473 - __main__ - INFO - Downloaded: dataset/pdfs/pdfs/openreview_A19iY4k5mY.pdf
2025-03-04 13:06:00,037 - __main__ - INFO - Downloaded: dataset/pdfs/pdfs/openreview_RiEnmzmK9_g.pdf
2025-03-04 13:06:03,097 - __main__ - INFO - Downloaded: dataset/pdfs/pdfs/openreview_muaSfzX9odO.pdf
2025-03-04 13:06:05,423 - __main__ - INFO - Downloaded: dataset/pdfs/pdfs/openreview_j4ViefKpyA.pdf
2025-03-04 13:06:07,769 - __main__ - INFO - Downloaded: dataset/pdfs/pdfs/openreview_5libS0tuRA.pdf
2025-03-04 13:06:11,093 - __main__ - INFO - Downloaded: dataset/pdfs/pdfs/openreview_uECAYvIQOh.pdf
2025-03-04 13:06:12,998 - __main__ - INFO - Downloaded: dataset/pdfs/pdfs/openreview_xLK_-SLxMgw.pdf
2025-03-04 13:06:16,017 - __main__ - INFO - Downloaded: dataset/pdfs/pdfs/openreview_8VC_NHYzuM.pdf
2025-03-04 13:06:17,736 - __main__ - INFO - Downloaded: dataset/pdfs/pdfs/openreview_pFCumdWKhZI.pdf
2025-03-04 13:06:19,746 - __main__ - INFO - Downloaded: dataset/pdfs/pdfs/openreview_KKTUgEVRTvU.pdf
2025-03-04 13:06:22,549 - __main__ - INFO - Downloaded: dataset/pdfs/pdfs/openreview_-FoOEXAUHD.pdf
2025-03-04 13:06:26,151 - __main__ - INFO - Downloaded: dataset/pdfs/pdfs/openreview_7MZVpPRAbh.pdf
2025-03-04 13:06:28,726 - __main__ - INFO - Downloaded: dataset/pdfs/pdfs/openreview__eq5KuLCyt.pdf
2025-03-04 13:06:30,881 - __main__ - INFO - Downloaded: dataset/pdfs/pdfs/openreview_IPTvF82IUSd.pdf
2025-03-04 13:06:34,051 - __main__ - INFO - Downloaded: dataset/pdfs/pdfs/openreview_22KRCpsub7D.pdf
2025-03-04 13:06:37,325 - __main__ - INFO - Downloaded: dataset/pdfs/pdfs/openreview_sHN9cYMR3kp.pdf
2025-03-04 13:06:40,562 - __main__ - INFO - Downloaded: dataset/pdfs/pdfs/openreview_JVZiQVfejo.pdf
2025-03-04 13:06:43,728 - __main__ - INFO - Downloaded: dataset/pdfs/pdfs/openreview_zwd0ompoeRo.pdf
2025-03-04 13:06:46,855 - __main__ - INFO - Downloaded: dataset/pdfs/pdfs/openreview_qjOCAGVBSs.pdf
2025-03-04 13:06:48,947 - __main__ - INFO - Downloaded: dataset/pdfs/pdfs/openreview_gC6RE4Lgv0.pdf
2025-03-04 13:06:52,041 - __main__ - INFO - Downloaded: dataset/pdfs/pdfs/openreview_q_lYGahGQ6W.pdf
2025-03-04 13:06:54,873 - __main__ - INFO - Downloaded: dataset/pdfs/pdfs/openreview_BTIe7NBOku.pdf
2025-03-04 13:06:58,307 - __main__ - INFO - Downloaded: dataset/pdfs/pdfs/openreview_rjK2p2DAMy.pdf
2025-03-04 13:07:00,194 - __main__ - INFO - Downloaded: dataset/pdfs/pdfs/openreview_33R9Da7B9k.pdf
2025-03-04 13:07:01,931 - __main__ - INFO - Downloaded: dataset/pdfs/pdfs/openreview_0lAzNK-7Eeo.pdf
2025-03-04 13:07:04,480 - __main__ - INFO - Downloaded: dataset/pdfs/pdfs/openreview_RTUgpjALw8F.pdf
2025-03-04 13:07:06,431 - __main__ - INFO - Downloaded: dataset/pdfs/pdfs/openreview_6TIhIWb6j8.pdf
2025-03-04 13:07:08,351 - __main__ - INFO - Downloaded: dataset/pdfs/pdfs/openreview_C2MBMaaNWQ.pdf
2025-03-04 13:07:10,690 - __main__ - INFO - Downloaded: dataset/pdfs/pdfs/openreview_UKVT8y88g3r.pdf
2025-03-04 13:07:12,843 - __main__ - INFO - Downloaded: dataset/pdfs/pdfs/openreview_Rhs560dA1R0.pdf
2025-03-04 13:07:16,266 - __main__ - INFO - Downloaded: dataset/pdfs/pdfs/openreview_TcOCW5yCVR.pdf
2025-03-04 13:07:18,210 - __main__ - INFO - Collected 33 papers from OpenReview venue: ICLR 2023
2025-03-04 13:07:18,210 - __main__ - INFO - Collecting papers from PapersWithCode with topic: Language Modeling
2025-03-04 13:07:20,129 - __main__ - ERROR - Failed to collect from PapersWithCode: 'str' object has no attribute 'get'
2025-03-04 13:07:20,130 - __main__ - INFO - Collected 0 papers from PapersWithCode topic: Language Modeling
2025-03-04 13:07:20,130 - __main__ - INFO - Collecting papers from PapersWithCode with topic: Transformers
2025-03-04 13:07:22,155 - __main__ - ERROR - Failed to collect from PapersWithCode: 'str' object has no attribute 'get'
2025-03-04 13:07:22,155 - __main__ - INFO - Collected 0 papers from PapersWithCode topic: Transformers
2025-03-04 13:07:22,155 - __main__ - INFO - Collecting papers from PapersWithCode with topic: Fine-tuning
2025-03-04 13:07:24,140 - __main__ - ERROR - Failed to collect from PapersWithCode: 'str' object has no attribute 'get'
2025-03-04 13:07:24,141 - __main__ - INFO - Collected 0 papers from PapersWithCode topic: Fine-tuning
2025-03-04 13:07:24,142 - __main__ - INFO - Saved metadata to dataset/pdfs/metadata.json
2025-03-04 13:07:24,142 - __main__ - INFO - Download pipeline completed successfully
2025-03-04 13:07:24,142 - __main__ - INFO - Pipeline execution completed
2025-03-04 13:10:06,473 - __main__ - INFO - Starting download pipeline...
2025-03-04 13:10:06,473 - __main__ - INFO - Collecting papers from arXiv with query: Large Language Models
2025-03-04 13:10:06,478 - arxiv - INFO - Requesting page (first: True, try: 0): https://export.arxiv.org/api/query?search_query=Large+Language+Models&id_list=&sortBy=submittedDate&sortOrder=descending&start=0&max_results=100
2025-03-04 13:10:09,547 - arxiv - INFO - Got first page: 100 of 1230437 total results
2025-03-04 13:10:10,258 - __main__ - INFO - Downloaded: dataset/pdfs/pdfs/arxiv_2502.21321v1.pdf
2025-03-04 13:10:13,199 - __main__ - INFO - Downloaded: dataset/pdfs/pdfs/arxiv_2502.21319v1.pdf
2025-03-04 13:10:16,793 - __main__ - INFO - Downloaded: dataset/pdfs/pdfs/arxiv_2502.21318v1.pdf
2025-03-04 13:10:20,305 - __main__ - INFO - Downloaded: dataset/pdfs/pdfs/arxiv_2502.21317v1.pdf
2025-03-04 13:10:22,609 - __main__ - INFO - Downloaded: dataset/pdfs/pdfs/arxiv_2502.21316v1.pdf
2025-03-04 13:10:33,191 - __main__ - INFO - Downloaded: dataset/pdfs/pdfs/arxiv_2502.21315v1.pdf
2025-03-04 13:10:35,932 - __main__ - INFO - Downloaded: dataset/pdfs/pdfs/arxiv_2502.21314v1.pdf
2025-03-04 13:10:38,182 - __main__ - INFO - Pipeline execution completed
2025-03-04 13:10:42,305 - __main__ - INFO - Starting download pipeline...
2025-03-04 13:10:42,305 - __main__ - INFO - Collecting papers from arXiv with query: Large Language Models
2025-03-04 13:10:42,310 - arxiv - INFO - Requesting page (first: True, try: 0): https://export.arxiv.org/api/query?search_query=Large+Language+Models&id_list=&sortBy=submittedDate&sortOrder=descending&start=0&max_results=100
2025-03-04 13:10:52,122 - arxiv - INFO - Got first page: 100 of 1230438 total results
2025-03-04 13:11:00,473 - __main__ - INFO - Downloaded: dataset/pdfs/pdfs/arxiv_2502.21313v1.pdf
2025-03-04 13:11:11,726 - __main__ - INFO - Downloaded: dataset/pdfs/pdfs/arxiv_2502.21311v1.pdf
2025-03-04 13:11:41,496 - __main__ - INFO - Pipeline execution completed
2025-03-04 13:11:46,661 - __main__ - INFO - Starting download pipeline...
2025-03-04 13:11:46,661 - __main__ - INFO - Collecting papers from arXiv with query: Large Language Models
2025-03-04 13:11:46,666 - arxiv - INFO - Requesting page (first: True, try: 0): https://export.arxiv.org/api/query?search_query=Large+Language+Models&id_list=&sortBy=submittedDate&sortOrder=descending&start=0&max_results=100
2025-03-04 13:12:03,949 - arxiv - INFO - Got first page: 100 of 1230437 total results
2025-03-04 13:12:04,640 - __main__ - INFO - Downloaded: dataset/pdfs/pdfs/arxiv_2502.21309v1.pdf
2025-03-04 13:12:06,936 - __main__ - INFO - Downloaded: dataset/pdfs/pdfs/arxiv_2502.21306v1.pdf
2025-03-04 13:12:10,568 - __main__ - INFO - Downloaded: dataset/pdfs/pdfs/arxiv_2502.21303v1.pdf
2025-03-04 13:12:13,805 - __main__ - INFO - Downloaded: dataset/pdfs/pdfs/arxiv_2502.21300v1.pdf
2025-03-04 13:12:17,029 - __main__ - INFO - Downloaded: dataset/pdfs/pdfs/arxiv_2502.21297v1.pdf
2025-03-04 13:12:19,057 - __main__ - INFO - Downloaded: dataset/pdfs/pdfs/arxiv_2502.21296v1.pdf
2025-03-04 13:12:21,375 - __main__ - INFO - Downloaded: dataset/pdfs/pdfs/arxiv_2502.21293v1.pdf
2025-03-04 13:12:25,310 - __main__ - INFO - Downloaded: dataset/pdfs/pdfs/arxiv_2502.21292v1.pdf
2025-03-04 13:12:28,497 - __main__ - INFO - Downloaded: dataset/pdfs/pdfs/arxiv_2502.21291v2.pdf
2025-03-04 13:12:31,230 - __main__ - INFO - Downloaded: dataset/pdfs/pdfs/arxiv_2502.21290v1.pdf
2025-03-04 13:12:33,289 - __main__ - INFO - Downloaded: dataset/pdfs/pdfs/arxiv_2502.21289v1.pdf
2025-03-04 13:12:35,595 - __main__ - INFO - Downloaded: dataset/pdfs/pdfs/arxiv_2502.21286v1.pdf
2025-03-04 13:12:37,307 - __main__ - INFO - Downloaded: dataset/pdfs/pdfs/arxiv_2502.21284v1.pdf
2025-03-04 13:12:40,372 - __main__ - INFO - Downloaded: dataset/pdfs/pdfs/arxiv_2502.21283v1.pdf
2025-03-04 13:12:43,217 - __main__ - INFO - Downloaded: dataset/pdfs/pdfs/arxiv_2502.21282v1.pdf
2025-03-04 13:12:46,870 - __main__ - INFO - Downloaded: dataset/pdfs/pdfs/arxiv_2502.21280v1.pdf
2025-03-04 13:12:48,264 - __main__ - INFO - Collected 25 papers from arXiv query: Large Language Models
2025-03-04 13:12:48,269 - __main__ - INFO - Collecting papers from arXiv with query: Transformers
2025-03-04 13:12:48,270 - arxiv - INFO - Requesting page (first: True, try: 0): https://export.arxiv.org/api/query?search_query=Transformers&id_list=&sortBy=submittedDate&sortOrder=descending&start=0&max_results=100
2025-03-04 13:12:49,654 - arxiv - INFO - Got first page: 100 of 135340 total results
2025-03-04 13:12:50,208 - __main__ - INFO - Downloaded: dataset/pdfs/pdfs/arxiv_2502.21267v1.pdf
2025-03-04 13:12:52,051 - __main__ - INFO - Downloaded: dataset/pdfs/pdfs/arxiv_2502.21256v1.pdf
2025-03-04 13:12:54,220 - __main__ - INFO - Downloaded: dataset/pdfs/pdfs/arxiv_2502.21244v1.pdf
2025-03-04 13:12:57,588 - __main__ - INFO - Downloaded: dataset/pdfs/pdfs/arxiv_2502.21236v1.pdf
2025-03-04 13:13:01,301 - __main__ - INFO - Downloaded: dataset/pdfs/pdfs/arxiv_2502.21230v1.pdf
2025-03-04 13:13:02,851 - __main__ - INFO - Downloaded: dataset/pdfs/pdfs/arxiv_2502.21214v1.pdf
2025-03-04 13:13:05,278 - __main__ - INFO - Downloaded: dataset/pdfs/pdfs/arxiv_2502.21212v1.pdf
2025-03-04 13:13:07,217 - __main__ - INFO - Downloaded: dataset/pdfs/pdfs/arxiv_2502.21209v1.pdf
2025-03-04 13:13:09,830 - __main__ - INFO - Downloaded: dataset/pdfs/pdfs/arxiv_2502.21208v1.pdf
2025-03-04 13:13:12,078 - __main__ - INFO - Downloaded: dataset/pdfs/pdfs/arxiv_2502.21202v1.pdf
2025-03-04 13:13:15,622 - __main__ - INFO - Downloaded: dataset/pdfs/pdfs/arxiv_2502.21201v2.pdf
2025-03-04 13:13:17,266 - __main__ - INFO - Downloaded: dataset/pdfs/pdfs/arxiv_2502.21198v1.pdf
2025-03-04 13:13:19,590 - __main__ - INFO - Downloaded: dataset/pdfs/pdfs/arxiv_2502.21193v1.pdf
2025-03-04 13:13:22,274 - __main__ - INFO - Downloaded: dataset/pdfs/pdfs/arxiv_2502.21144v1.pdf
2025-03-04 13:13:25,472 - __main__ - INFO - Downloaded: dataset/pdfs/pdfs/arxiv_2502.21141v1.pdf
2025-03-04 13:13:27,456 - __main__ - INFO - Downloaded: dataset/pdfs/pdfs/arxiv_2502.21106v1.pdf
2025-03-04 13:13:29,108 - __main__ - INFO - Downloaded: dataset/pdfs/pdfs/arxiv_2502.21097v1.pdf
2025-03-04 13:13:32,263 - __main__ - INFO - Downloaded: dataset/pdfs/pdfs/arxiv_2502.21085v1.pdf
2025-03-04 13:13:40,461 - __main__ - INFO - Downloaded: dataset/pdfs/pdfs/arxiv_2502.21079v1.pdf
2025-03-04 13:13:42,394 - __main__ - INFO - Collected 25 papers from arXiv query: Transformers
2025-03-04 13:13:42,395 - __main__ - INFO - Collecting papers from arXiv with query: Deep Learning
2025-03-04 13:13:42,395 - arxiv - INFO - Requesting page (first: True, try: 0): https://export.arxiv.org/api/query?search_query=Deep+Learning&id_list=&sortBy=submittedDate&sortOrder=descending&start=0&max_results=100
2025-03-04 13:13:44,052 - arxiv - INFO - Got first page: 10 of 408552 total results
2025-03-04 13:13:44,635 - __main__ - INFO - Downloaded: dataset/pdfs/pdfs/arxiv_2502.21320v1.pdf
2025-03-04 13:13:47,460 - __main__ - INFO - Downloaded: dataset/pdfs/pdfs/arxiv_2502.21304v1.pdf
2025-03-04 13:13:51,742 - __main__ - INFO - Downloaded: dataset/pdfs/pdfs/arxiv_2502.21302v1.pdf
2025-03-04 13:13:52,982 - arxiv - INFO - Requesting page (first: False, try: 0): https://export.arxiv.org/api/query?search_query=Deep+Learning&id_list=&sortBy=submittedDate&sortOrder=descending&start=10&max_results=100
2025-03-04 13:13:54,614 - __main__ - INFO - Downloaded: dataset/pdfs/pdfs/arxiv_2502.21279v1.pdf
2025-03-04 13:13:57,167 - __main__ - INFO - Downloaded: dataset/pdfs/pdfs/arxiv_2502.21278v1.pdf
2025-03-04 13:13:59,953 - __main__ - INFO - Downloaded: dataset/pdfs/pdfs/arxiv_2502.21276v1.pdf
2025-03-04 13:14:03,762 - __main__ - INFO - Downloaded: dataset/pdfs/pdfs/arxiv_2502.21275v1.pdf
2025-03-04 13:14:06,776 - __main__ - INFO - Downloaded: dataset/pdfs/pdfs/arxiv_2502.21274v1.pdf
2025-03-04 13:14:08,582 - __main__ - INFO - Downloaded: dataset/pdfs/pdfs/arxiv_2502.21271v1.pdf
2025-03-04 13:14:12,018 - __main__ - INFO - Downloaded: dataset/pdfs/pdfs/arxiv_2502.21269v1.pdf
2025-03-04 13:14:13,590 - __main__ - INFO - Downloaded: dataset/pdfs/pdfs/arxiv_2502.21266v1.pdf
2025-03-04 13:14:15,523 - __main__ - INFO - Downloaded: dataset/pdfs/pdfs/arxiv_2502.21265v1.pdf
2025-03-04 13:14:18,116 - __main__ - INFO - Collected 25 papers from arXiv query: Deep Learning
2025-03-04 13:14:18,117 - __main__ - INFO - Collecting papers from arXiv with query: Machine Learning
2025-03-04 13:14:18,117 - arxiv - INFO - Requesting page (first: True, try: 0): https://export.arxiv.org/api/query?search_query=Machine+Learning&id_list=&sortBy=submittedDate&sortOrder=descending&start=0&max_results=100
2025-03-04 13:14:21,424 - arxiv - INFO - Got first page: 100 of 386977 total results
2025-03-04 13:14:23,147 - __main__ - INFO - Downloaded: dataset/pdfs/pdfs/arxiv_2502.21264v2.pdf
2025-03-04 13:14:25,606 - __main__ - INFO - Collected 25 papers from arXiv query: Machine Learning
2025-03-04 13:14:25,611 - __main__ - INFO - Saved metadata for 100 papers to dataset/pdfs/metadata.json
2025-03-04 13:14:25,611 - __main__ - INFO - Download pipeline completed successfully
2025-03-04 13:14:25,611 - __main__ - INFO - Pipeline execution completed
2025-03-04 13:16:07,294 - __main__ - INFO - Starting download pipeline...
2025-03-04 13:16:07,294 - __main__ - INFO - Collecting papers from arXiv with query: Large Language Models
2025-03-04 13:16:07,299 - arxiv - INFO - Requesting page (first: True, try: 0): https://export.arxiv.org/api/query?search_query=Large+Language+Models&id_list=&sortBy=submittedDate&sortOrder=descending&start=0&max_results=100
2025-03-04 13:16:08,902 - arxiv - INFO - Got first page: 100 of 1230437 total results
2025-03-04 13:16:09,565 - __main__ - INFO - Downloaded: dataset/pdfs/pdfs/arxiv_2502.21277v1.pdf
2025-03-04 13:16:11,756 - __main__ - INFO - Downloaded: dataset/pdfs/pdfs/arxiv_2502.21268v1.pdf
2025-03-04 13:16:15,146 - __main__ - INFO - Downloaded: dataset/pdfs/pdfs/arxiv_2502.21263v1.pdf
2025-03-04 13:16:16,740 - __main__ - INFO - Downloaded: dataset/pdfs/pdfs/arxiv_2502.21262v1.pdf
2025-03-04 13:16:20,137 - __main__ - INFO - Downloaded: dataset/pdfs/pdfs/arxiv_2502.21260v1.pdf
2025-03-04 13:16:24,574 - __main__ - INFO - Downloaded: dataset/pdfs/pdfs/arxiv_2502.21257v1.pdf
2025-03-04 13:16:26,928 - __main__ - INFO - Downloaded: dataset/pdfs/pdfs/arxiv_2502.21253v1.pdf
2025-03-04 13:16:29,941 - __main__ - INFO - Downloaded: dataset/pdfs/pdfs/arxiv_2502.21252v1.pdf
2025-03-04 13:16:35,298 - __main__ - INFO - Downloaded: dataset/pdfs/pdfs/arxiv_2502.21246v1.pdf
2025-03-04 13:16:38,983 - __main__ - INFO - Downloaded: dataset/pdfs/pdfs/arxiv_2502.21245v1.pdf
2025-03-04 13:16:40,976 - __main__ - INFO - Downloaded: dataset/pdfs/pdfs/arxiv_2502.21239v1.pdf
2025-03-04 13:16:43,833 - __main__ - INFO - Downloaded: dataset/pdfs/pdfs/arxiv_2502.21235v1.pdf
2025-03-04 13:16:46,564 - __main__ - INFO - Downloaded: dataset/pdfs/pdfs/arxiv_2502.21234v1.pdf
2025-03-04 13:16:49,050 - __main__ - INFO - Downloaded: dataset/pdfs/pdfs/arxiv_2502.21233v1.pdf
2025-03-04 13:16:51,183 - __main__ - INFO - Downloaded: dataset/pdfs/pdfs/arxiv_2502.21232v1.pdf
2025-03-04 13:16:52,934 - __main__ - INFO - Downloaded: dataset/pdfs/pdfs/arxiv_2502.21231v1.pdf
2025-03-04 13:16:55,003 - __main__ - INFO - Downloaded: dataset/pdfs/pdfs/arxiv_2502.21229v1.pdf
2025-03-04 13:16:58,914 - __main__ - INFO - Downloaded: dataset/pdfs/pdfs/arxiv_2502.21228v2.pdf
2025-03-04 13:17:02,567 - __main__ - INFO - Downloaded: dataset/pdfs/pdfs/arxiv_2502.21225v1.pdf
2025-03-04 13:17:04,245 - __main__ - INFO - Downloaded: dataset/pdfs/pdfs/arxiv_2502.21224v1.pdf
2025-03-04 13:17:13,686 - __main__ - INFO - Downloaded: dataset/pdfs/pdfs/arxiv_2502.21223v2.pdf
2025-03-04 13:17:15,870 - __main__ - INFO - Downloaded: dataset/pdfs/pdfs/arxiv_2502.21220v1.pdf
2025-03-04 13:17:20,785 - __main__ - INFO - Downloaded: dataset/pdfs/pdfs/arxiv_2502.21219v1.pdf
2025-03-04 13:17:24,605 - __main__ - INFO - Downloaded: dataset/pdfs/pdfs/arxiv_2502.21218v1.pdf
2025-03-04 13:17:27,846 - __main__ - INFO - Downloaded: dataset/pdfs/pdfs/arxiv_2502.21217v1.pdf
2025-03-04 13:17:30,770 - __main__ - INFO - Downloaded: dataset/pdfs/pdfs/arxiv_2502.21216v1.pdf
2025-03-04 13:17:33,299 - __main__ - INFO - Downloaded: dataset/pdfs/pdfs/arxiv_2502.21215v1.pdf
2025-03-04 13:17:35,930 - __main__ - INFO - Downloaded: dataset/pdfs/pdfs/arxiv_2502.21210v1.pdf
2025-03-04 13:17:38,940 - __main__ - INFO - Downloaded: dataset/pdfs/pdfs/arxiv_2502.21206v1.pdf
2025-03-04 13:17:47,332 - __main__ - INFO - Downloaded: dataset/pdfs/pdfs/arxiv_2502.21205v2.pdf
2025-03-04 13:17:51,365 - __main__ - INFO - Downloaded: dataset/pdfs/pdfs/arxiv_2502.21203v1.pdf
2025-03-04 13:17:54,394 - __main__ - INFO - Downloaded: dataset/pdfs/pdfs/arxiv_2502.21199v1.pdf
2025-03-04 13:17:57,460 - __main__ - INFO - Downloaded: dataset/pdfs/pdfs/arxiv_2502.21195v1.pdf
2025-03-04 13:17:59,420 - __main__ - INFO - Downloaded: dataset/pdfs/pdfs/arxiv_2502.21194v1.pdf
2025-03-04 13:18:01,264 - __main__ - INFO - Downloaded: dataset/pdfs/pdfs/arxiv_2502.21192v1.pdf
2025-03-04 13:18:04,631 - __main__ - INFO - Downloaded: dataset/pdfs/pdfs/arxiv_2502.21191v1.pdf
2025-03-04 13:18:07,659 - __main__ - INFO - Downloaded: dataset/pdfs/pdfs/arxiv_2502.21187v1.pdf
2025-03-04 13:18:10,417 - __main__ - INFO - Downloaded: dataset/pdfs/pdfs/arxiv_2502.21186v2.pdf
2025-03-04 13:18:12,363 - __main__ - INFO - Downloaded: dataset/pdfs/pdfs/arxiv_2502.21185v1.pdf
2025-03-04 13:18:14,862 - __main__ - INFO - Downloaded: dataset/pdfs/pdfs/arxiv_2502.21183v1.pdf
2025-03-04 13:18:17,131 - __main__ - INFO - Downloaded: dataset/pdfs/pdfs/arxiv_2502.21182v1.pdf
2025-03-04 13:18:20,416 - __main__ - INFO - Downloaded: dataset/pdfs/pdfs/arxiv_2502.21181v1.pdf
2025-03-04 13:18:23,685 - __main__ - INFO - Downloaded: dataset/pdfs/pdfs/arxiv_2502.21179v1.pdf
2025-03-04 13:18:28,155 - __main__ - INFO - Downloaded: dataset/pdfs/pdfs/arxiv_2502.21178v1.pdf
2025-03-04 13:18:30,355 - __main__ - INFO - Downloaded: dataset/pdfs/pdfs/arxiv_2502.21172v1.pdf
2025-03-04 13:18:34,489 - __main__ - INFO - Downloaded: dataset/pdfs/pdfs/arxiv_2502.21163v1.pdf
2025-03-04 13:18:37,267 - __main__ - INFO - Downloaded: dataset/pdfs/pdfs/arxiv_2502.21162v1.pdf
2025-03-04 13:18:39,662 - __main__ - INFO - Downloaded: dataset/pdfs/pdfs/arxiv_2502.21161v1.pdf
2025-03-04 13:18:41,789 - __main__ - INFO - Downloaded: dataset/pdfs/pdfs/arxiv_2502.21160v1.pdf
2025-03-04 13:18:45,244 - __main__ - INFO - Downloaded: dataset/pdfs/pdfs/arxiv_2502.21159v1.pdf
2025-03-04 13:18:47,899 - __main__ - INFO - Downloaded: dataset/pdfs/pdfs/arxiv_2502.21158v1.pdf
2025-03-04 13:18:50,765 - __main__ - INFO - Downloaded: dataset/pdfs/pdfs/arxiv_2502.21156v1.pdf
2025-03-04 13:18:52,349 - __main__ - INFO - Downloaded: dataset/pdfs/pdfs/arxiv_2502.21154v1.pdf
2025-03-04 13:18:58,158 - __main__ - INFO - Downloaded: dataset/pdfs/pdfs/arxiv_2502.21153v1.pdf
2025-03-04 13:19:01,384 - __main__ - INFO - Downloaded: dataset/pdfs/pdfs/arxiv_2502.21151v1.pdf
2025-03-04 13:19:04,810 - __main__ - INFO - Downloaded: dataset/pdfs/pdfs/arxiv_2502.21147v1.pdf
2025-03-04 13:19:08,113 - __main__ - INFO - Downloaded: dataset/pdfs/pdfs/arxiv_2502.21146v1.pdf
2025-03-04 13:19:10,613 - __main__ - INFO - Downloaded: dataset/pdfs/pdfs/arxiv_2502.21145v1.pdf
2025-03-04 13:19:13,184 - arxiv - INFO - Requesting page (first: False, try: 0): https://export.arxiv.org/api/query?search_query=Large+Language+Models&id_list=&sortBy=submittedDate&sortOrder=descending&start=100&max_results=100
2025-03-04 13:19:14,305 - arxiv - INFO - Sleeping: 2.998679 seconds
2025-03-04 13:19:17,304 - arxiv - INFO - Requesting page (first: False, try: 1): https://export.arxiv.org/api/query?search_query=Large+Language+Models&id_list=&sortBy=submittedDate&sortOrder=descending&start=100&max_results=100
2025-03-04 13:19:18,172 - arxiv - INFO - Sleeping: 2.998759 seconds
2025-03-04 13:19:21,171 - arxiv - INFO - Requesting page (first: False, try: 2): https://export.arxiv.org/api/query?search_query=Large+Language+Models&id_list=&sortBy=submittedDate&sortOrder=descending&start=100&max_results=100
2025-03-04 13:19:21,765 - arxiv - INFO - Sleeping: 2.998685 seconds
2025-03-04 13:19:24,764 - arxiv - INFO - Requesting page (first: False, try: 3): https://export.arxiv.org/api/query?search_query=Large+Language+Models&id_list=&sortBy=submittedDate&sortOrder=descending&start=100&max_results=100
2025-03-04 13:19:30,398 - __main__ - INFO - Downloaded: dataset/pdfs/pdfs/arxiv_2502.21143v1.pdf
2025-03-04 13:19:34,185 - __main__ - INFO - Downloaded: dataset/pdfs/pdfs/arxiv_2502.21142v1.pdf
2025-03-04 13:19:36,181 - __main__ - INFO - Downloaded: dataset/pdfs/pdfs/arxiv_2502.21138v1.pdf
2025-03-04 13:19:39,496 - __main__ - INFO - Downloaded: dataset/pdfs/pdfs/arxiv_2502.21134v1.pdf
2025-03-04 13:19:41,073 - __main__ - INFO - Downloaded: dataset/pdfs/pdfs/arxiv_2502.21131v1.pdf
2025-03-04 13:19:44,423 - __main__ - INFO - Downloaded: dataset/pdfs/pdfs/arxiv_2502.21129v1.pdf
2025-03-04 13:19:47,169 - __main__ - INFO - Downloaded: dataset/pdfs/pdfs/arxiv_2502.21127v1.pdf
2025-03-04 13:19:49,376 - __main__ - INFO - Downloaded: dataset/pdfs/pdfs/arxiv_2502.21126v1.pdf
2025-03-04 13:19:51,293 - __main__ - INFO - Downloaded: dataset/pdfs/pdfs/arxiv_2502.21125v1.pdf
2025-03-04 13:19:53,918 - __main__ - INFO - Downloaded: dataset/pdfs/pdfs/arxiv_2502.21124v1.pdf
2025-03-04 13:19:56,607 - __main__ - INFO - Downloaded: dataset/pdfs/pdfs/arxiv_2502.21123v2.pdf
2025-03-04 13:19:58,197 - __main__ - INFO - Downloaded: dataset/pdfs/pdfs/arxiv_2502.21121v1.pdf
2025-03-04 13:20:03,814 - __main__ - INFO - Downloaded: dataset/pdfs/pdfs/arxiv_2502.21120v1.pdf
2025-03-04 13:20:06,341 - __main__ - INFO - Downloaded: dataset/pdfs/pdfs/arxiv_2502.21119v1.pdf
2025-03-04 13:20:08,747 - __main__ - INFO - Downloaded: dataset/pdfs/pdfs/arxiv_2502.21116v1.pdf
2025-03-04 13:20:12,004 - __main__ - INFO - Downloaded: dataset/pdfs/pdfs/arxiv_2502.21115v1.pdf
2025-03-04 13:20:13,820 - __main__ - INFO - Downloaded: dataset/pdfs/pdfs/arxiv_2502.21112v1.pdf
2025-03-04 13:20:25,304 - __main__ - INFO - Downloaded: dataset/pdfs/pdfs/arxiv_2502.21110v1.pdf
2025-03-04 13:20:30,767 - __main__ - INFO - Downloaded: dataset/pdfs/pdfs/arxiv_2502.21109v1.pdf
2025-03-04 13:20:34,363 - __main__ - INFO - Downloaded: dataset/pdfs/pdfs/arxiv_2502.21108v1.pdf
2025-03-04 13:20:36,212 - __main__ - INFO - Downloaded: dataset/pdfs/pdfs/arxiv_2502.21107v1.pdf
2025-03-04 13:20:37,966 - __main__ - INFO - Downloaded: dataset/pdfs/pdfs/arxiv_2502.21104v1.pdf
2025-03-04 13:20:41,867 - __main__ - INFO - Downloaded: dataset/pdfs/pdfs/arxiv_2502.21100v1.pdf
2025-03-04 13:20:45,031 - __main__ - INFO - Downloaded: dataset/pdfs/pdfs/arxiv_2502.21098v1.pdf
2025-03-04 13:20:46,133 - __main__ - INFO - Collected 125 papers from arXiv query: Large Language Models
2025-03-04 13:20:46,133 - __main__ - INFO - Collecting papers from arXiv with query: Transformers
2025-03-04 13:20:46,134 - arxiv - INFO - Requesting page (first: True, try: 0): https://export.arxiv.org/api/query?search_query=Transformers&id_list=&sortBy=submittedDate&sortOrder=descending&start=0&max_results=100
2025-03-04 13:20:47,483 - arxiv - INFO - Got first page: 100 of 135340 total results
2025-03-04 13:20:50,504 - __main__ - INFO - Downloaded: dataset/pdfs/pdfs/arxiv_2502.21077v1.pdf
2025-03-04 13:20:52,694 - __main__ - INFO - Downloaded: dataset/pdfs/pdfs/arxiv_2502.21067v1.pdf
2025-03-04 13:20:55,615 - __main__ - INFO - Downloaded: dataset/pdfs/pdfs/arxiv_2502.21060v1.pdf
2025-03-04 13:20:57,580 - __main__ - INFO - Downloaded: dataset/pdfs/pdfs/arxiv_2502.21059v1.pdf
2025-03-04 13:21:00,743 - __main__ - INFO - Downloaded: dataset/pdfs/pdfs/arxiv_2502.21055v1.pdf
2025-03-04 13:21:02,764 - __main__ - INFO - Downloaded: dataset/pdfs/pdfs/arxiv_2502.21053v1.pdf
2025-03-04 13:21:04,694 - __main__ - INFO - Downloaded: dataset/pdfs/pdfs/arxiv_2502.21051v1.pdf
2025-03-04 13:21:07,667 - __main__ - INFO - Downloaded: dataset/pdfs/pdfs/arxiv_2502.21049v1.pdf
2025-03-04 13:21:11,303 - __main__ - INFO - Downloaded: dataset/pdfs/pdfs/arxiv_2502.21048v1.pdf
2025-03-04 13:21:13,403 - __main__ - INFO - Downloaded: dataset/pdfs/pdfs/arxiv_2502.21013v1.pdf
2025-03-04 13:21:18,297 - __main__ - INFO - Downloaded: dataset/pdfs/pdfs/arxiv_2502.21011v1.pdf
2025-03-04 13:21:20,117 - __main__ - INFO - Downloaded: dataset/pdfs/pdfs/arxiv_2502.21005v1.pdf
2025-03-04 13:21:25,071 - __main__ - INFO - Downloaded: dataset/pdfs/pdfs/arxiv_2502.20979v1.pdf
2025-03-04 13:21:28,816 - __main__ - INFO - Downloaded: dataset/pdfs/pdfs/arxiv_2502.20977v1.pdf
2025-03-04 13:21:31,513 - __main__ - INFO - Downloaded: dataset/pdfs/pdfs/arxiv_2502.20957v1.pdf
2025-03-04 13:21:34,368 - __main__ - INFO - Downloaded: dataset/pdfs/pdfs/arxiv_2502.20948v1.pdf
2025-03-04 13:21:37,664 - __main__ - INFO - Downloaded: dataset/pdfs/pdfs/arxiv_2502.20925v1.pdf
2025-03-04 13:21:40,820 - __main__ - INFO - Downloaded: dataset/pdfs/pdfs/arxiv_2502.20908v1.pdf
2025-03-04 13:21:45,598 - __main__ - INFO - Downloaded: dataset/pdfs/pdfs/arxiv_2502.20900v1.pdf
2025-03-04 13:21:48,759 - __main__ - INFO - Downloaded: dataset/pdfs/pdfs/arxiv_2502.20886v1.pdf
2025-03-04 13:21:50,362 - __main__ - INFO - Downloaded: dataset/pdfs/pdfs/arxiv_2502.20871v1.pdf
2025-03-04 13:21:52,850 - __main__ - INFO - Downloaded: dataset/pdfs/pdfs/arxiv_2502.20857v1.pdf
2025-03-04 13:21:55,158 - __main__ - INFO - Downloaded: dataset/pdfs/pdfs/arxiv_2502.20855v1.pdf
2025-03-04 13:21:58,540 - __main__ - INFO - Downloaded: dataset/pdfs/pdfs/arxiv_2502.20853v1.pdf
2025-03-04 13:22:00,616 - __main__ - INFO - Downloaded: dataset/pdfs/pdfs/arxiv_2502.20842v1.pdf
2025-03-04 13:22:04,993 - __main__ - INFO - Downloaded: dataset/pdfs/pdfs/arxiv_2502.20832v1.pdf
2025-03-04 13:22:08,426 - __main__ - INFO - Downloaded: dataset/pdfs/pdfs/arxiv_2502.20826v1.pdf
2025-03-04 13:22:11,728 - __main__ - INFO - Downloaded: dataset/pdfs/pdfs/arxiv_2502.20823v1.pdf
2025-03-04 13:22:14,128 - __main__ - INFO - Downloaded: dataset/pdfs/pdfs/arxiv_2502.20806v1.pdf
2025-03-04 13:22:17,471 - __main__ - INFO - Downloaded: dataset/pdfs/pdfs/arxiv_2502.20803v1.pdf
2025-03-04 13:22:19,450 - __main__ - INFO - Downloaded: dataset/pdfs/pdfs/arxiv_2502.20795v1.pdf
2025-03-04 13:22:23,401 - __main__ - INFO - Downloaded: dataset/pdfs/pdfs/arxiv_2502.20787v1.pdf
2025-03-04 13:22:26,170 - __main__ - INFO - Downloaded: dataset/pdfs/pdfs/arxiv_2502.20776v1.pdf
2025-03-04 13:22:30,423 - __main__ - INFO - Downloaded: dataset/pdfs/pdfs/arxiv_2502.20769v1.pdf
2025-03-04 13:22:33,441 - __main__ - INFO - Downloaded: dataset/pdfs/pdfs/arxiv_2502.20765v1.pdf
2025-03-04 13:22:35,759 - __main__ - INFO - Downloaded: dataset/pdfs/pdfs/arxiv_2502.20764v1.pdf
2025-03-04 13:22:39,395 - __main__ - INFO - Downloaded: dataset/pdfs/pdfs/arxiv_2502.20743v1.pdf
2025-03-04 13:22:41,159 - __main__ - INFO - Downloaded: dataset/pdfs/pdfs/arxiv_2502.20737v1.pdf
2025-03-04 13:22:43,450 - __main__ - INFO - Downloaded: dataset/pdfs/pdfs/arxiv_2502.20723v1.pdf
2025-03-04 13:22:47,332 - __main__ - INFO - Downloaded: dataset/pdfs/pdfs/arxiv_2502.20719v1.pdf
2025-03-04 13:22:52,497 - __main__ - INFO - Downloaded: dataset/pdfs/pdfs/arxiv_2502.20703v1.pdf
2025-03-04 13:22:55,250 - __main__ - INFO - Downloaded: dataset/pdfs/pdfs/arxiv_2502.20688v1.pdf
2025-03-04 13:23:00,026 - __main__ - INFO - Downloaded: dataset/pdfs/pdfs/arxiv_2502.20685v1.pdf
2025-03-04 13:23:03,061 - __main__ - INFO - Downloaded: dataset/pdfs/pdfs/arxiv_2502.20681v1.pdf
2025-03-04 13:23:06,385 - __main__ - INFO - Downloaded: dataset/pdfs/pdfs/arxiv_2502.20661v1.pdf
2025-03-04 13:23:08,898 - __main__ - INFO - Downloaded: dataset/pdfs/pdfs/arxiv_2502.20655v1.pdf
2025-03-04 13:23:11,055 - __main__ - INFO - Downloaded: dataset/pdfs/pdfs/arxiv_2502.20647v1.pdf
2025-03-04 13:23:13,797 - __main__ - INFO - Downloaded: dataset/pdfs/pdfs/arxiv_2502.20635v1.pdf
2025-03-04 13:23:16,803 - __main__ - INFO - Downloaded: dataset/pdfs/pdfs/arxiv_2502.20633v1.pdf
2025-03-04 13:23:18,774 - __main__ - INFO - Downloaded: dataset/pdfs/pdfs/arxiv_2502.20631v1.pdf
2025-03-04 13:23:21,662 - __main__ - INFO - Downloaded: dataset/pdfs/pdfs/arxiv_2502.20629v1.pdf
2025-03-04 13:23:27,393 - __main__ - INFO - Downloaded: dataset/pdfs/pdfs/arxiv_2502.20622v1.pdf
2025-03-04 13:23:30,694 - __main__ - INFO - Downloaded: dataset/pdfs/pdfs/arxiv_2502.20613v1.pdf
2025-03-04 13:23:33,773 - __main__ - INFO - Downloaded: dataset/pdfs/pdfs/arxiv_2502.20604v1.pdf
2025-03-04 13:23:35,588 - __main__ - INFO - Downloaded: dataset/pdfs/pdfs/arxiv_2502.20588v1.pdf
2025-03-04 13:23:38,086 - __main__ - INFO - Downloaded: dataset/pdfs/pdfs/arxiv_2502.20583v1.pdf
2025-03-04 13:23:39,792 - __main__ - INFO - Downloaded: dataset/pdfs/pdfs/arxiv_2502.20580v1.pdf
2025-03-04 13:23:41,868 - __main__ - INFO - Downloaded: dataset/pdfs/pdfs/arxiv_2502.20571v1.pdf
2025-03-04 13:23:44,720 - __main__ - INFO - Downloaded: dataset/pdfs/pdfs/arxiv_2502.20570v1.pdf
2025-03-04 13:23:50,824 - __main__ - INFO - Downloaded: dataset/pdfs/pdfs/arxiv_2502.20553v1.pdf
2025-03-04 13:24:00,618 - __main__ - INFO - Downloaded: dataset/pdfs/pdfs/arxiv_2502.20549v1.pdf
2025-03-04 13:24:04,087 - __main__ - INFO - Downloaded: dataset/pdfs/pdfs/arxiv_2502.20525v1.pdf
2025-03-04 13:24:06,943 - __main__ - INFO - Downloaded: dataset/pdfs/pdfs/arxiv_2502.20479v1.pdf
2025-03-04 13:24:10,004 - __main__ - INFO - Downloaded: dataset/pdfs/pdfs/arxiv_2502.20446v1.pdf
2025-03-04 13:24:13,054 - __main__ - INFO - Downloaded: dataset/pdfs/pdfs/arxiv_2502.20435v1.pdf
2025-03-04 13:24:16,991 - __main__ - INFO - Downloaded: dataset/pdfs/pdfs/arxiv_2502.20364v1.pdf
2025-03-04 13:24:20,005 - __main__ - INFO - Downloaded: dataset/pdfs/pdfs/arxiv_2502.20359v1.pdf
2025-03-04 13:24:22,946 - __main__ - INFO - Downloaded: dataset/pdfs/pdfs/arxiv_2502.20351v1.pdf
2025-03-04 13:24:25,697 - __main__ - INFO - Downloaded: dataset/pdfs/pdfs/arxiv_2502.20347v1.pdf
2025-03-04 13:24:28,142 - __main__ - INFO - Downloaded: dataset/pdfs/pdfs/arxiv_2502.20339v1.pdf
2025-03-04 13:24:31,258 - __main__ - INFO - Downloaded: dataset/pdfs/pdfs/arxiv_2502.20309v1.pdf
2025-03-04 13:24:34,076 - __main__ - INFO - Downloaded: dataset/pdfs/pdfs/arxiv_2502.20310v1.pdf
2025-03-04 13:24:37,173 - __main__ - INFO - Downloaded: dataset/pdfs/pdfs/arxiv_2502.20298v1.pdf
2025-03-04 13:24:39,416 - __main__ - INFO - Downloaded: dataset/pdfs/pdfs/arxiv_2502.20271v1.pdf
2025-03-04 13:24:44,700 - __main__ - INFO - Downloaded: dataset/pdfs/pdfs/arxiv_2502.20249v1.pdf
2025-03-04 13:24:46,154 - arxiv - INFO - Requesting page (first: False, try: 0): https://export.arxiv.org/api/query?search_query=Transformers&id_list=&sortBy=submittedDate&sortOrder=descending&start=100&max_results=100
2025-03-04 13:24:47,026 - arxiv - INFO - Sleeping: 2.998964 seconds
2025-03-04 13:24:50,025 - arxiv - INFO - Requesting page (first: False, try: 1): https://export.arxiv.org/api/query?search_query=Transformers&id_list=&sortBy=submittedDate&sortOrder=descending&start=100&max_results=100
2025-03-04 13:24:52,541 - __main__ - INFO - Downloaded: dataset/pdfs/pdfs/arxiv_2502.20237v1.pdf
2025-03-04 13:24:56,160 - __main__ - INFO - Downloaded: dataset/pdfs/pdfs/arxiv_2502.20225v1.pdf
2025-03-04 13:24:58,207 - __main__ - INFO - Downloaded: dataset/pdfs/pdfs/arxiv_2502.20221v2.pdf
2025-03-04 13:25:08,619 - __main__ - INFO - Downloaded: dataset/pdfs/pdfs/arxiv_2502.20199v1.pdf
2025-03-04 13:25:11,832 - __main__ - INFO - Downloaded: dataset/pdfs/pdfs/arxiv_2502.20172v1.pdf
2025-03-04 13:25:15,262 - __main__ - INFO - Downloaded: dataset/pdfs/pdfs/arxiv_2502.20167v1.pdf
2025-03-04 13:25:18,175 - __main__ - INFO - Downloaded: dataset/pdfs/pdfs/arxiv_2502.20156v1.pdf
2025-03-04 13:25:35,503 - __main__ - INFO - Downloaded: dataset/pdfs/pdfs/arxiv_2502.20134v1.pdf
2025-03-04 13:25:38,231 - __main__ - INFO - Downloaded: dataset/pdfs/pdfs/arxiv_2502.20132v2.pdf
2025-03-04 13:25:42,138 - __main__ - INFO - Downloaded: dataset/pdfs/pdfs/arxiv_2502.20129v1.pdf
2025-03-04 13:25:51,692 - __main__ - INFO - Downloaded: dataset/pdfs/pdfs/arxiv_2502.20126v1.pdf
2025-03-04 13:25:58,591 - __main__ - INFO - Downloaded: dataset/pdfs/pdfs/arxiv_2502.20111v1.pdf
2025-03-04 13:26:05,950 - __main__ - INFO - Downloaded: dataset/pdfs/pdfs/arxiv_2502.20108v2.pdf
2025-03-04 13:26:08,178 - __main__ - INFO - Downloaded: dataset/pdfs/pdfs/arxiv_2502.20093v1.pdf
2025-03-04 13:26:11,602 - __main__ - INFO - Downloaded: dataset/pdfs/pdfs/arxiv_2502.20084v1.pdf
2025-03-04 13:26:14,561 - __main__ - INFO - Downloaded: dataset/pdfs/pdfs/arxiv_2502.20057v1.pdf
2025-03-04 13:26:17,578 - __main__ - INFO - Downloaded: dataset/pdfs/pdfs/arxiv_2502.20048v1.pdf
2025-03-04 13:26:19,889 - __main__ - INFO - Downloaded: dataset/pdfs/pdfs/arxiv_2502.20047v1.pdf
2025-03-04 13:26:22,165 - __main__ - INFO - Downloaded: dataset/pdfs/pdfs/arxiv_2502.20040v1.pdf
2025-03-04 13:26:24,567 - __main__ - INFO - Downloaded: dataset/pdfs/pdfs/arxiv_2502.20022v1.pdf
2025-03-04 13:26:26,514 - __main__ - INFO - Downloaded: dataset/pdfs/pdfs/arxiv_2502.20018v1.pdf
2025-03-04 13:26:28,895 - __main__ - INFO - Downloaded: dataset/pdfs/pdfs/arxiv_2502.20008v1.pdf
2025-03-04 13:26:33,121 - __main__ - INFO - Downloaded: dataset/pdfs/pdfs/arxiv_2502.19983v1.pdf
2025-03-04 13:26:36,673 - __main__ - INFO - Downloaded: dataset/pdfs/pdfs/arxiv_2502.19974v1.pdf
2025-03-04 13:26:39,300 - __main__ - INFO - Downloaded: dataset/pdfs/pdfs/arxiv_2502.19965v1.pdf
2025-03-04 13:26:40,978 - __main__ - INFO - Collected 125 papers from arXiv query: Transformers
2025-03-04 13:26:40,978 - __main__ - INFO - Collecting papers from arXiv with query: Deep Learning
2025-03-04 13:26:40,978 - arxiv - INFO - Requesting page (first: True, try: 0): https://export.arxiv.org/api/query?search_query=Deep+Learning&id_list=&sortBy=submittedDate&sortOrder=descending&start=0&max_results=100
2025-03-04 13:26:42,407 - arxiv - INFO - Got first page: 100 of 408553 total results
2025-03-04 13:26:43,371 - __main__ - INFO - Downloaded: dataset/pdfs/pdfs/arxiv_2502.21261v1.pdf
2025-03-04 13:26:46,190 - __main__ - INFO - Downloaded: dataset/pdfs/pdfs/arxiv_2502.21254v1.pdf
2025-03-04 13:26:48,919 - __main__ - INFO - Downloaded: dataset/pdfs/pdfs/arxiv_2502.21240v1.pdf
2025-03-04 13:26:51,851 - __main__ - INFO - Downloaded: dataset/pdfs/pdfs/arxiv_2502.21226v2.pdf
2025-03-04 13:26:54,681 - __main__ - INFO - Downloaded: dataset/pdfs/pdfs/arxiv_2502.21222v1.pdf
2025-03-04 13:26:57,902 - __main__ - INFO - Downloaded: dataset/pdfs/pdfs/arxiv_2502.21196v1.pdf
2025-03-04 13:27:01,313 - __main__ - INFO - Downloaded: dataset/pdfs/pdfs/arxiv_2502.21190v1.pdf
2025-03-04 13:27:04,797 - __main__ - INFO - Downloaded: dataset/pdfs/pdfs/arxiv_2502.21171v1.pdf
2025-03-04 13:27:07,451 - __main__ - INFO - Downloaded: dataset/pdfs/pdfs/arxiv_2502.21166v1.pdf
2025-03-04 13:27:10,497 - __main__ - INFO - Downloaded: dataset/pdfs/pdfs/arxiv_2502.21148v1.pdf
2025-03-04 13:27:14,027 - __main__ - INFO - Downloaded: dataset/pdfs/pdfs/arxiv_2502.21130v2.pdf
2025-03-04 13:27:16,721 - __main__ - INFO - Downloaded: dataset/pdfs/pdfs/arxiv_2502.21114v1.pdf
2025-03-04 13:27:22,245 - __main__ - INFO - Downloaded: dataset/pdfs/pdfs/arxiv_2502.21105v1.pdf
2025-03-04 13:27:24,391 - __main__ - INFO - Downloaded: dataset/pdfs/pdfs/arxiv_2502.21099v1.pdf
2025-03-04 13:27:26,546 - __main__ - INFO - Downloaded: dataset/pdfs/pdfs/arxiv_2502.21086v1.pdf
2025-03-04 13:27:28,672 - __main__ - INFO - Downloaded: dataset/pdfs/pdfs/arxiv_2502.21075v1.pdf
2025-03-04 13:27:31,962 - __main__ - INFO - Downloaded: dataset/pdfs/pdfs/arxiv_2502.21074v1.pdf
2025-03-04 13:27:34,776 - __main__ - INFO - Downloaded: dataset/pdfs/pdfs/arxiv_2502.21057v1.pdf
2025-03-04 13:27:38,896 - __main__ - INFO - Downloaded: dataset/pdfs/pdfs/arxiv_2502.21054v1.pdf
2025-03-04 13:27:41,245 - __main__ - INFO - Downloaded: dataset/pdfs/pdfs/arxiv_2502.21045v1.pdf
2025-03-04 13:27:43,134 - __main__ - INFO - Downloaded: dataset/pdfs/pdfs/arxiv_2502.21041v1.pdf
2025-03-04 13:27:55,160 - __main__ - INFO - Downloaded: dataset/pdfs/pdfs/arxiv_2502.21038v1.pdf
2025-03-04 13:27:58,286 - __main__ - INFO - Downloaded: dataset/pdfs/pdfs/arxiv_2502.21035v1.pdf
2025-03-04 13:28:00,886 - __main__ - INFO - Downloaded: dataset/pdfs/pdfs/arxiv_2502.21034v1.pdf
2025-03-04 13:28:02,812 - __main__ - INFO - Downloaded: dataset/pdfs/pdfs/arxiv_2502.21033v1.pdf
2025-03-04 13:28:08,514 - __main__ - INFO - Downloaded: dataset/pdfs/pdfs/arxiv_2502.21029v1.pdf
2025-03-04 13:28:11,948 - __main__ - INFO - Downloaded: dataset/pdfs/pdfs/arxiv_2502.21025v1.pdf
2025-03-04 13:28:15,247 - __main__ - INFO - Downloaded: dataset/pdfs/pdfs/arxiv_2502.21022v1.pdf
2025-03-04 13:28:18,200 - __main__ - INFO - Downloaded: dataset/pdfs/pdfs/arxiv_2502.21019v1.pdf
2025-03-04 13:28:23,086 - __main__ - INFO - Downloaded: dataset/pdfs/pdfs/arxiv_2502.21012v1.pdf
2025-03-04 13:28:27,253 - __main__ - INFO - Downloaded: dataset/pdfs/pdfs/arxiv_2502.21009v1.pdf
2025-03-04 13:28:30,735 - __main__ - INFO - Downloaded: dataset/pdfs/pdfs/arxiv_2502.20996v1.pdf
2025-03-04 13:28:33,014 - arxiv - INFO - Requesting page (first: False, try: 0): https://export.arxiv.org/api/query?search_query=Deep+Learning&id_list=&sortBy=submittedDate&sortOrder=descending&start=100&max_results=100
2025-03-04 13:28:34,010 - arxiv - INFO - Sleeping: 2.998771 seconds
2025-03-04 13:28:37,009 - arxiv - INFO - Requesting page (first: False, try: 1): https://export.arxiv.org/api/query?search_query=Deep+Learning&id_list=&sortBy=submittedDate&sortOrder=descending&start=100&max_results=100
2025-03-04 13:28:39,219 - __main__ - INFO - Downloaded: dataset/pdfs/pdfs/arxiv_2502.20989v1.pdf
2025-03-04 13:28:41,882 - __main__ - INFO - Downloaded: dataset/pdfs/pdfs/arxiv_2502.20988v1.pdf
2025-03-04 13:28:43,425 - __main__ - INFO - Downloaded: dataset/pdfs/pdfs/arxiv_2502.20984v1.pdf
2025-03-04 13:28:45,620 - __main__ - INFO - Downloaded: dataset/pdfs/pdfs/arxiv_2502.20983v1.pdf
2025-03-04 13:28:48,827 - __main__ - INFO - Downloaded: dataset/pdfs/pdfs/arxiv_2502.20982v1.pdf
2025-03-04 13:28:50,990 - __main__ - INFO - Downloaded: dataset/pdfs/pdfs/arxiv_2502.20981v1.pdf
2025-03-04 13:28:55,025 - __main__ - INFO - Downloaded: dataset/pdfs/pdfs/arxiv_2502.20974v1.pdf
2025-03-04 13:28:57,643 - __main__ - INFO - Downloaded: dataset/pdfs/pdfs/arxiv_2502.20969v1.pdf
2025-03-04 13:29:03,505 - __main__ - INFO - Downloaded: dataset/pdfs/pdfs/arxiv_2502.20967v1.pdf
2025-03-04 13:29:06,575 - __main__ - INFO - Downloaded: dataset/pdfs/pdfs/arxiv_2502.20966v1.pdf
2025-03-04 13:29:08,592 - __main__ - INFO - Downloaded: dataset/pdfs/pdfs/arxiv_2502.20963v1.pdf
2025-03-04 13:29:11,228 - __main__ - INFO - Downloaded: dataset/pdfs/pdfs/arxiv_2502.20959v1.pdf
2025-03-04 13:29:14,606 - __main__ - INFO - Downloaded: dataset/pdfs/pdfs/arxiv_2502.20954v1.pdf
2025-03-04 13:29:16,590 - __main__ - INFO - Downloaded: dataset/pdfs/pdfs/arxiv_2502.20953v1.pdf
2025-03-04 13:29:20,110 - __main__ - INFO - Downloaded: dataset/pdfs/pdfs/arxiv_2502.20952v1.pdf
2025-03-04 13:29:23,287 - __main__ - INFO - Downloaded: dataset/pdfs/pdfs/arxiv_2502.20946v1.pdf
2025-03-04 13:29:26,460 - __main__ - INFO - Downloaded: dataset/pdfs/pdfs/arxiv_2502.20938v1.pdf
2025-03-04 13:29:28,022 - __main__ - INFO - Downloaded: dataset/pdfs/pdfs/arxiv_2502.20937v1.pdf
2025-03-04 13:29:31,062 - __main__ - INFO - Downloaded: dataset/pdfs/pdfs/arxiv_2502.20933v1.pdf
2025-03-04 13:29:35,545 - __main__ - INFO - Downloaded: dataset/pdfs/pdfs/arxiv_2502.20927v1.pdf
2025-03-04 13:29:38,957 - __main__ - INFO - Downloaded: dataset/pdfs/pdfs/arxiv_2502.20924v1.pdf
2025-03-04 13:29:41,325 - __main__ - INFO - Downloaded: dataset/pdfs/pdfs/arxiv_2502.20914v1.pdf
2025-03-04 13:29:43,151 - __main__ - INFO - Collected 125 papers from arXiv query: Deep Learning
2025-03-04 13:29:43,151 - __main__ - INFO - Collecting papers from arXiv with query: Machine Learning
2025-03-04 13:29:43,152 - arxiv - INFO - Requesting page (first: True, try: 0): https://export.arxiv.org/api/query?search_query=Machine+Learning&id_list=&sortBy=submittedDate&sortOrder=descending&start=0&max_results=100
2025-03-04 13:29:44,226 - arxiv - INFO - Got first page: 25 of 386978 total results
2025-03-04 13:29:44,228 - arxiv - INFO - Sleeping: 2.976323 seconds
2025-03-04 13:29:47,204 - arxiv - INFO - Requesting page (first: False, try: 0): https://export.arxiv.org/api/query?search_query=Machine+Learning&id_list=&sortBy=submittedDate&sortOrder=descending&start=25&max_results=100
2025-03-04 13:29:49,285 - __main__ - INFO - Downloaded: dataset/pdfs/pdfs/arxiv_2502.21117v1.pdf
2025-03-04 13:29:51,240 - __main__ - INFO - Downloaded: dataset/pdfs/pdfs/arxiv_2502.21101v1.pdf
2025-03-04 13:29:54,185 - __main__ - INFO - Downloaded: dataset/pdfs/pdfs/arxiv_2502.21037v1.pdf
2025-03-04 13:29:56,582 - __main__ - INFO - Downloaded: dataset/pdfs/pdfs/arxiv_2502.21017v1.pdf
2025-03-04 13:29:58,367 - __main__ - INFO - Downloaded: dataset/pdfs/pdfs/arxiv_2502.20973v1.pdf
2025-03-04 13:30:00,522 - __main__ - INFO - Downloaded: dataset/pdfs/pdfs/arxiv_2502.20897v1.pdf
2025-03-04 13:30:03,405 - __main__ - INFO - Downloaded: dataset/pdfs/pdfs/arxiv_2502.20885v1.pdf
2025-03-04 13:30:06,854 - __main__ - INFO - Downloaded: dataset/pdfs/pdfs/arxiv_2502.20882v1.pdf
2025-03-04 13:30:09,099 - __main__ - INFO - Collected 125 papers from arXiv query: Machine Learning
2025-03-04 13:30:09,110 - __main__ - INFO - Saved metadata for 500 papers to dataset/pdfs/metadata.json
2025-03-04 13:30:09,110 - __main__ - INFO - Download pipeline completed successfully
2025-03-04 13:30:09,110 - __main__ - INFO - Pipeline execution completed
